[debug] [2021-08-31T10:40:55.799Z] ----------------------------------------------------------------------
[debug] [2021-08-31T10:40:55.802Z] Command:       C:\Program Files\nodejs\node.exe C:\Users\uncle\AppData\Roaming\npm\node_modules\firebase-tools\lib\bin\firebase.js init
[debug] [2021-08-31T10:40:55.802Z] CLI Version:   9.16.6
[debug] [2021-08-31T10:40:55.802Z] Platform:      win32
[debug] [2021-08-31T10:40:55.802Z] Node Version:  v14.15.4
[debug] [2021-08-31T10:40:55.804Z] Time:          Tue Aug 31 2021 12:40:55 GMT+0200 (Central European Summer Time)
[debug] [2021-08-31T10:40:55.804Z] ----------------------------------------------------------------------
[debug] 
[debug] [2021-08-31T10:40:55.879Z] > command requires scopes: ["email","openid","https://www.googleapis.com/auth/cloudplatformprojects.readonly","https://www.googleapis.com/auth/firebase","https://www.googleapis.com/auth/cloud-platform"]
[debug] [2021-08-31T10:40:55.879Z] > authorizing via signed-in user (nicola.l.winterson@gmail.com)
[info] 
     ######## #### ########  ######## ########     ###     ######  ########
     ##        ##  ##     ## ##       ##     ##  ##   ##  ##       ##
     ######    ##  ########  ######   ########  #########  ######  ######
     ##        ##  ##    ##  ##       ##     ## ##     ##       ## ##
     ##       #### ##     ## ######## ########  ##     ##  ######  ########

You're about to initialize a Firebase project in this directory:

  C:\Users\uncle\Projects\PersonalWebsite

Before we get started, keep in mind:

  * You are initializing within an existing Firebase project directory

[info] 
=== Project Setup
[info] 
[info] First, let's associate this project directory with a Firebase project.
[info] You can create multiple project aliases by running firebase use --add, 
[info] but for now we'll just set up a default project.
[info] 
[info] i  .firebaserc already has a default project, using fridaycorg1. 
[debug] [2021-08-31T10:41:02.730Z] > refreshing access token with scopes: []
[debug] [2021-08-31T10:41:02.730Z] >>> HTTP REQUEST POST https://www.googleapis.com/oauth2/v3/token  
 <request body omitted>
[debug] [2021-08-31T10:41:02.856Z] <<< HTTP RESPONSE 200 {"date":"Tue, 31 Aug 2021 10:41:03 GMT","cache-control":"no-cache, no-store, max-age=0, must-revalidate","pragma":"no-cache","expires":"Mon, 01 Jan 1990 00:00:00 GMT","content-type":"application/json; charset=utf-8","vary":"X-Origin, Referer, Origin,Accept-Encoding","server":"scaffolding on HTTPServer2","x-xss-protection":"0","x-frame-options":"SAMEORIGIN","x-content-type-options":"nosniff","alt-svc":"h3=\":443\"; ma=2592000,h3-29=\":443\"; ma=2592000,h3-T051=\":443\"; ma=2592000,h3-Q050=\":443\"; ma=2592000,h3-Q046=\":443\"; ma=2592000,h3-Q043=\":443\"; ma=2592000,quic=\":443\"; ma=2592000; v=\"46,43\"","accept-ranges":"none","transfer-encoding":"chunked"}
[debug] [2021-08-31T10:41:02.919Z] >>> [apiv2][query] GET https://firebase.googleapis.com/v1beta1/projects/fridaycorg1 [none]
[debug] [2021-08-31T10:41:03.103Z] <<< [apiv2][status] GET https://firebase.googleapis.com/v1beta1/projects/fridaycorg1 200
[debug] [2021-08-31T10:41:03.103Z] <<< [apiv2][body] GET https://firebase.googleapis.com/v1beta1/projects/fridaycorg1 {"projectId":"fridaycorg1","projectNumber":"457592553685","displayName":"cog1","name":"projects/fridaycorg1","resources":{"hostingSite":"fridaycorg1"},"state":"ACTIVE"}
[info] 
=== Hosting Setup
[info] 
[info] Your public directory is the folder (relative to your project directory) that
[info] will contain Hosting assets to be uploaded with firebase deploy. If you
[info] have a build process for your assets, use your build's output directory.
[info] 
